
> climberdaz-api@1.0.0 start:dev
> nest start --watch

[2J[3J[H[[90m2:47:16 PM[0m] Starting compilation in watch mode...

[[90m2:47:17 PM[0m] Found 0 errors. Watching for file changes.

[32m[Nest] 89940  - [39m06/24/2025, 2:47:18 PM [32m    LOG[39m [38;5;3m[NestFactory] [39m[32mStarting Nest application...[39m
[32m[Nest] 89940  - [39m06/24/2025, 2:47:18 PM [32m    LOG[39m [38;5;3m[InstanceLoader] [39m[32mTypeOrmModule dependencies initialized[39m[38;5;3m +14ms[39m
[32m[Nest] 89940  - [39m06/24/2025, 2:47:18 PM [32m    LOG[39m [38;5;3m[InstanceLoader] [39m[32mPassportModule dependencies initialized[39m[38;5;3m +0ms[39m
[32m[Nest] 89940  - [39m06/24/2025, 2:47:18 PM [32m    LOG[39m [38;5;3m[InstanceLoader] [39m[32mReviewModule dependencies initialized[39m[38;5;3m +0ms[39m
[32m[Nest] 89940  - [39m06/24/2025, 2:47:18 PM [32m    LOG[39m [38;5;3m[InstanceLoader] [39m[32mNotificationModule dependencies initialized[39m[38;5;3m +0ms[39m
[32m[Nest] 89940  - [39m06/24/2025, 2:47:18 PM [32m    LOG[39m [38;5;3m[InstanceLoader] [39m[32mAppModule dependencies initialized[39m[38;5;3m +0ms[39m
[32m[Nest] 89940  - [39m06/24/2025, 2:47:18 PM [32m    LOG[39m [38;5;3m[InstanceLoader] [39m[32mConfigHostModule dependencies initialized[39m[38;5;3m +0ms[39m
[32m[Nest] 89940  - [39m06/24/2025, 2:47:18 PM [32m    LOG[39m [38;5;3m[InstanceLoader] [39m[32mCacheModule dependencies initialized[39m[38;5;3m +0ms[39m
[32m[Nest] 89940  - [39m06/24/2025, 2:47:18 PM [32m    LOG[39m [38;5;3m[InstanceLoader] [39m[32mConfigModule dependencies initialized[39m[38;5;3m +0ms[39m
[32m[Nest] 89940  - [39m06/24/2025, 2:47:18 PM [32m    LOG[39m [38;5;3m[InstanceLoader] [39m[32mConfigModule dependencies initialized[39m[38;5;3m +0ms[39m
[32m[Nest] 89940  - [39m06/24/2025, 2:47:18 PM [32m    LOG[39m [38;5;3m[InstanceLoader] [39m[32mJwtModule dependencies initialized[39m[38;5;3m +0ms[39m
[90m[4mquery:[24m[39m [94mPRAGMA[0m [37mforeign_keys[0m [37m=[0m [37mOFF[0m
[90m[4mquery:[24m[39m [94mBEGIN[0m [37mTRANSACTION[0m
[90m[4mquery:[24m[39m [94mSELECT[0m [37m*[0m [94mFROM[0m [37m"sqlite_master"[0m [94mWHERE[0m [37m"type"[0m [37m=[0m [37m'table'[0m [94mAND[0m [37m"name"[0m [94mIN[0m [37m([0m[37m'climbing_gyms'[0m[37m,[0m[37m'reviews'[0m[37m,[0m[37m'activities'[0m[37m,[0m[37m'users'[0m[37m,[0m[37m'review_chains'[0m[37m)[0m
[90m[4mquery:[24m[39m [94mSELECT[0m [37m*[0m [94mFROM[0m [37m"sqlite_master"[0m [94mWHERE[0m [37m"type"[0m [37m=[0m [37m'index'[0m [94mAND[0m [37m"tbl_name"[0m [94mIN[0m [37m([0m[37m'climbing_gyms'[0m[37m,[0m[37m'reviews'[0m[37m,[0m[37m'activities'[0m[37m,[0m[37m'users'[0m[37m,[0m[37m'review_chains'[0m[37m)[0m
[90m[4mquery:[24m[39m [94mPRAGMA[0m [95mtable_xinfo[0m[37m([0m[37m"climbing_gyms"[0m[37m)[0m
[90m[4mquery:[24m[39m [94mPRAGMA[0m [94mindex_list[0m[37m([0m[37m"climbing_gyms"[0m[37m)[0m
[90m[4mquery:[24m[39m [94mPRAGMA[0m [95mforeign_key_list[0m[37m([0m[37m"climbing_gyms"[0m[37m)[0m
[90m[4mquery:[24m[39m [94mPRAGMA[0m [95mtable_xinfo[0m[37m([0m[37m"users"[0m[37m)[0m
[90m[4mquery:[24m[39m [94mPRAGMA[0m [94mindex_list[0m[37m([0m[37m"users"[0m[37m)[0m
[90m[4mquery:[24m[39m [94mPRAGMA[0m [95mforeign_key_list[0m[37m([0m[37m"users"[0m[37m)[0m
[90m[4mquery:[24m[39m [94mPRAGMA[0m [95mtable_xinfo[0m[37m([0m[37m"review_chains"[0m[37m)[0m
[90m[4mquery:[24m[39m [94mPRAGMA[0m [94mindex_list[0m[37m([0m[37m"review_chains"[0m[37m)[0m
[90m[4mquery:[24m[39m [94mPRAGMA[0m [95mforeign_key_list[0m[37m([0m[37m"review_chains"[0m[37m)[0m
[90m[4mquery:[24m[39m [94mPRAGMA[0m [95mtable_xinfo[0m[37m([0m[37m"reviews"[0m[37m)[0m
[90m[4mquery:[24m[39m [94mPRAGMA[0m [94mindex_list[0m[37m([0m[37m"reviews"[0m[37m)[0m
[90m[4mquery:[24m[39m [94mPRAGMA[0m [95mforeign_key_list[0m[37m([0m[37m"reviews"[0m[37m)[0m
[90m[4mquery:[24m[39m [94mPRAGMA[0m [95mtable_xinfo[0m[37m([0m[37m"activities"[0m[37m)[0m
[90m[4mquery:[24m[39m [94mPRAGMA[0m [94mindex_list[0m[37m([0m[37m"activities"[0m[37m)[0m
[90m[4mquery:[24m[39m [94mPRAGMA[0m [95mforeign_key_list[0m[37m([0m[37m"activities"[0m[37m)[0m
[90m[4mquery:[24m[39m [94mPRAGMA[0m [95mindex_info[0m[37m([0m[37m"sqlite_autoindex_users_3"[0m[37m)[0m
[90m[4mquery:[24m[39m [94mPRAGMA[0m [95mindex_info[0m[37m([0m[37m"sqlite_autoindex_users_2"[0m[37m)[0m
[90m[4mquery:[24m[39m [94mPRAGMA[0m [95mindex_info[0m[37m([0m[37m"IDX_e86d672e4d4e2c42acac5c2d2a"[0m[37m)[0m
[90m[4mquery:[24m[39m [94mPRAGMA[0m [95mindex_info[0m[37m([0m[37m"IDX_2bcf25ab94fe9ce73852c45035"[0m[37m)[0m
[90m[4mquery:[24m[39m [94mPRAGMA[0m [95mindex_info[0m[37m([0m[37m"IDX_1f339f4a916dc74cfe1905331c"[0m[37m)[0m
[90m[4mquery:[24m[39m [94mPRAGMA[0m [95mindex_info[0m[37m([0m[37m"IDX_a3b78eef783cef60b3dadf1639"[0m[37m)[0m
[90m[4mquery:[24m[39m [94mPRAGMA[0m [95mindex_info[0m[37m([0m[37m"IDX_59e2538033374fd74f777aeeb2"[0m[37m)[0m
[90m[4mquery:[24m[39m [94mPRAGMA[0m [95mindex_info[0m[37m([0m[37m"IDX_f9238c3e3739dc40322f577fc4"[0m[37m)[0m
[90m[4mquery:[24m[39m [94mPRAGMA[0m [95mindex_info[0m[37m([0m[37m"IDX_c8f626e1e943aabb0f90fb8ee6"[0m[37m)[0m
[90m[4mquery:[24m[39m [94mPRAGMA[0m [95mindex_info[0m[37m([0m[37m"IDX_5eeb41a59a6e41fc1c94982858"[0m[37m)[0m
[90m[4mquery:[24m[39m [94mPRAGMA[0m [95mindex_info[0m[37m([0m[37m"IDX_d90d16ff9761b543a94e7569f4"[0m[37m)[0m
[90m[4mquery:[24m[39m [94mPRAGMA[0m [95mindex_info[0m[37m([0m[37m"IDX_b6f460b67902ed05cf38da03ee"[0m[37m)[0m
[90m[4mquery:[24m[39m [94mPRAGMA[0m [95mindex_info[0m[37m([0m[37m"IDX_ddaa19d1b924fe9ab9e1cf9f6e"[0m[37m)[0m
[90m[4mquery:[24m[39m [94mPRAGMA[0m [95mindex_info[0m[37m([0m[37m"IDX_0d5b31d7944ebe5cc7b66452b5"[0m[37m)[0m
[90m[4mquery:[24m[39m [94mPRAGMA[0m [95mindex_info[0m[37m([0m[37m"IDX_a000cca60bcf04454e72769949"[0m[37m)[0m
[90m[4mquery:[24m[39m [94mPRAGMA[0m [95mindex_info[0m[37m([0m[37m"IDX_65cbf5fcb331619593ee334c7c"[0m[37m)[0m
[90m[4mquery:[24m[39m [94mSELECT[0m [37m*[0m [94mFROM[0m [37m"sqlite_master"[0m [94mWHERE[0m [37m"type"[0m [37m=[0m [37m'table'[0m [94mAND[0m [37m"name"[0m [37m=[0m [37m'typeorm_metadata'[0m
[90m[4mquery:[24m[39m [94mCOMMIT[0m
[90m[4mquery:[24m[39m [94mPRAGMA[0m [37mforeign_keys[0m [37m=[0m [94mON[0m
[32m[Nest] 89940  - [39m06/24/2025, 2:47:18 PM [32m    LOG[39m [38;5;3m[InstanceLoader] [39m[32mTypeOrmCoreModule dependencies initialized[39m[38;5;3m +21ms[39m
[32m[Nest] 89940  - [39m06/24/2025, 2:47:18 PM [32m    LOG[39m [38;5;3m[InstanceLoader] [39m[32mTypeOrmModule dependencies initialized[39m[38;5;3m +0ms[39m
[32m[Nest] 89940  - [39m06/24/2025, 2:47:18 PM [32m    LOG[39m [38;5;3m[InstanceLoader] [39m[32mTypeOrmModule dependencies initialized[39m[38;5;3m +0ms[39m
[32m[Nest] 89940  - [39m06/24/2025, 2:47:18 PM [32m    LOG[39m [38;5;3m[InstanceLoader] [39m[32mTypeOrmModule dependencies initialized[39m[38;5;3m +0ms[39m
[32m[Nest] 89940  - [39m06/24/2025, 2:47:18 PM [32m    LOG[39m [38;5;3m[InstanceLoader] [39m[32mUserModule dependencies initialized[39m[38;5;3m +0ms[39m
[32m[Nest] 89940  - [39m06/24/2025, 2:47:18 PM [32m    LOG[39m [38;5;3m[InstanceLoader] [39m[32mClimbingGymModule dependencies initialized[39m[38;5;3m +0ms[39m
[32m[Nest] 89940  - [39m06/24/2025, 2:47:18 PM [32m    LOG[39m [38;5;3m[InstanceLoader] [39m[32mAuthModule dependencies initialized[39m[38;5;3m +0ms[39m
[32m[Nest] 89940  - [39m06/24/2025, 2:47:18 PM [32m    LOG[39m [38;5;3m[InstanceLoader] [39m[32mActivityModule dependencies initialized[39m[38;5;3m +0ms[39m
[32m[Nest] 89940  - [39m06/24/2025, 2:47:18 PM [32m    LOG[39m [38;5;3m[RoutesResolver] [39m[32mDemoController {/api/demo}:[39m[38;5;3m +13ms[39m
[32m[Nest] 89940  - [39m06/24/2025, 2:47:18 PM [32m    LOG[39m [38;5;3m[RouterExplorer] [39m[32mMapped {/api/demo, GET} route[39m[38;5;3m +0ms[39m
[32m[Nest] 89940  - [39m06/24/2025, 2:47:18 PM [32m    LOG[39m [38;5;3m[RouterExplorer] [39m[32mMapped {/api/demo/health, GET} route[39m[38;5;3m +0ms[39m
[32m[Nest] 89940  - [39m06/24/2025, 2:47:18 PM [32m    LOG[39m [38;5;3m[RouterExplorer] [39m[32mMapped {/api/demo/api-status, GET} route[39m[38;5;3m +1ms[39m
[32m[Nest] 89940  - [39m06/24/2025, 2:47:18 PM [32m    LOG[39m [38;5;3m[RoutesResolver] [39m[32mAuthController {/api/auth}:[39m[38;5;3m +0ms[39m
[32m[Nest] 89940  - [39m06/24/2025, 2:47:18 PM [32m    LOG[39m [38;5;3m[RouterExplorer] [39m[32mMapped {/api/auth/register, POST} route[39m[38;5;3m +0ms[39m
[32m[Nest] 89940  - [39m06/24/2025, 2:47:18 PM [32m    LOG[39m [38;5;3m[RouterExplorer] [39m[32mMapped {/api/auth/login, POST} route[39m[38;5;3m +0ms[39m
[32m[Nest] 89940  - [39m06/24/2025, 2:47:18 PM [32m    LOG[39m [38;5;3m[RouterExplorer] [39m[32mMapped {/api/auth/profile, GET} route[39m[38;5;3m +0ms[39m
[32m[Nest] 89940  - [39m06/24/2025, 2:47:18 PM [32m    LOG[39m [38;5;3m[RouterExplorer] [39m[32mMapped {/api/auth/refresh, POST} route[39m[38;5;3m +0ms[39m
[32m[Nest] 89940  - [39m06/24/2025, 2:47:18 PM [32m    LOG[39m [38;5;3m[RouterExplorer] [39m[32mMapped {/api/auth/logout, POST} route[39m[38;5;3m +0ms[39m
[32m[Nest] 89940  - [39m06/24/2025, 2:47:18 PM [32m    LOG[39m [38;5;3m[RoutesResolver] [39m[32mUserController {/api/api/users}:[39m[38;5;3m +0ms[39m
[32m[Nest] 89940  - [39m06/24/2025, 2:47:18 PM [32m    LOG[39m [38;5;3m[RouterExplorer] [39m[32mMapped {/api/api/users/profile, GET} route[39m[38;5;3m +0ms[39m
[32m[Nest] 89940  - [39m06/24/2025, 2:47:18 PM [32m    LOG[39m [38;5;3m[RouterExplorer] [39m[32mMapped {/api/api/users/profile, PATCH} route[39m[38;5;3m +0ms[39m
[32m[Nest] 89940  - [39m06/24/2025, 2:47:18 PM [32m    LOG[39m [38;5;3m[RouterExplorer] [39m[32mMapped {/api/api/users/stats, GET} route[39m[38;5;3m +0ms[39m
[32m[Nest] 89940  - [39m06/24/2025, 2:47:18 PM [32m    LOG[39m [38;5;3m[RouterExplorer] [39m[32mMapped {/api/api/users/search, GET} route[39m[38;5;3m +0ms[39m
[32m[Nest] 89940  - [39m06/24/2025, 2:47:18 PM [32m    LOG[39m [38;5;3m[RouterExplorer] [39m[32mMapped {/api/api/users, GET} route[39m[38;5;3m +1ms[39m
[32m[Nest] 89940  - [39m06/24/2025, 2:47:18 PM [32m    LOG[39m [38;5;3m[RouterExplorer] [39m[32mMapped {/api/api/users/:id, GET} route[39m[38;5;3m +0ms[39m
[32m[Nest] 89940  - [39m06/24/2025, 2:47:18 PM [32m    LOG[39m [38;5;3m[RouterExplorer] [39m[32mMapped {/api/api/users/:id/stats, GET} route[39m[38;5;3m +0ms[39m
[32m[Nest] 89940  - [39m06/24/2025, 2:47:18 PM [32m    LOG[39m [38;5;3m[RouterExplorer] [39m[32mMapped {/api/api/users/:id/deactivate, PATCH} route[39m[38;5;3m +0ms[39m
[32m[Nest] 89940  - [39m06/24/2025, 2:47:18 PM [32m    LOG[39m [38;5;3m[RouterExplorer] [39m[32mMapped {/api/api/users/:id/activate, PATCH} route[39m[38;5;3m +0ms[39m
[32m[Nest] 89940  - [39m06/24/2025, 2:47:18 PM [32m    LOG[39m [38;5;3m[RouterExplorer] [39m[32mMapped {/api/api/users/:id/role, PATCH} route[39m[38;5;3m +0ms[39m
[32m[Nest] 89940  - [39m06/24/2025, 2:47:18 PM [32m    LOG[39m [38;5;3m[RoutesResolver] [39m[32mClimbingGymController {/api/climbing-gyms}:[39m[38;5;3m +0ms[39m
[32m[Nest] 89940  - [39m06/24/2025, 2:47:18 PM [32m    LOG[39m [38;5;3m[RouterExplorer] [39m[32mMapped {/api/climbing-gyms, POST} route[39m[38;5;3m +0ms[39m
[32m[Nest] 89940  - [39m06/24/2025, 2:47:18 PM [32m    LOG[39m [38;5;3m[RouterExplorer] [39m[32mMapped {/api/climbing-gyms, GET} route[39m[38;5;3m +0ms[39m
[32m[Nest] 89940  - [39m06/24/2025, 2:47:18 PM [32m    LOG[39m [38;5;3m[RouterExplorer] [39m[32mMapped {/api/climbing-gyms/cities, GET} route[39m[38;5;3m +0ms[39m
[32m[Nest] 89940  - [39m06/24/2025, 2:47:18 PM [32m    LOG[39m [38;5;3m[RouterExplorer] [39m[32mMapped {/api/climbing-gyms/search, GET} route[39m[38;5;3m +0ms[39m
[32m[Nest] 89940  - [39m06/24/2025, 2:47:18 PM [32m    LOG[39m [38;5;3m[RouterExplorer] [39m[32mMapped {/api/climbing-gyms/nearby, GET} route[39m[38;5;3m +0ms[39m
[32m[Nest] 89940  - [39m06/24/2025, 2:47:18 PM [32m    LOG[39m [38;5;3m[RouterExplorer] [39m[32mMapped {/api/climbing-gyms/:id, GET} route[39m[38;5;3m +0ms[39m
[32m[Nest] 89940  - [39m06/24/2025, 2:47:18 PM [32m    LOG[39m [38;5;3m[RouterExplorer] [39m[32mMapped {/api/climbing-gyms/:id, PATCH} route[39m[38;5;3m +0ms[39m
[32m[Nest] 89940  - [39m06/24/2025, 2:47:18 PM [32m    LOG[39m [38;5;3m[RouterExplorer] [39m[32mMapped {/api/climbing-gyms/:id, DELETE} route[39m[38;5;3m +0ms[39m
[32m[Nest] 89940  - [39m06/24/2025, 2:47:18 PM [32m    LOG[39m [38;5;3m[RoutesResolver] [39m[32mActivityController {/api/api/activities}:[39m[38;5;3m +0ms[39m
[32m[Nest] 89940  - [39m06/24/2025, 2:47:18 PM [32m    LOG[39m [38;5;3m[RouterExplorer] [39m[32mMapped {/api/api/activities, POST} route[39m[38;5;3m +0ms[39m
[32m[Nest] 89940  - [39m06/24/2025, 2:47:18 PM [32m    LOG[39m [38;5;3m[RouterExplorer] [39m[32mMapped {/api/api/activities, GET} route[39m[38;5;3m +0ms[39m
[32m[Nest] 89940  - [39m06/24/2025, 2:47:18 PM [32m    LOG[39m [38;5;3m[RouterExplorer] [39m[32mMapped {/api/api/activities/my, GET} route[39m[38;5;3m +0ms[39m
[32m[Nest] 89940  - [39m06/24/2025, 2:47:18 PM [32m    LOG[39m [38;5;3m[RouterExplorer] [39m[32mMapped {/api/api/activities/:id, GET} route[39m[38;5;3m +0ms[39m
[32m[Nest] 89940  - [39m06/24/2025, 2:47:18 PM [32m    LOG[39m [38;5;3m[RouterExplorer] [39m[32mMapped {/api/api/activities/:id, PATCH} route[39m[38;5;3m +0ms[39m
[32m[Nest] 89940  - [39m06/24/2025, 2:47:18 PM [32m    LOG[39m [38;5;3m[RouterExplorer] [39m[32mMapped {/api/api/activities/:id, DELETE} route[39m[38;5;3m +0ms[39m
[32m[Nest] 89940  - [39m06/24/2025, 2:47:18 PM [32m    LOG[39m [38;5;3m[RouterExplorer] [39m[32mMapped {/api/api/activities/:id/join, POST} route[39m[38;5;3m +0ms[39m
[32m[Nest] 89940  - [39m06/24/2025, 2:47:18 PM [32m    LOG[39m [38;5;3m[RouterExplorer] [39m[32mMapped {/api/api/activities/:id/leave, POST} route[39m[38;5;3m +0ms[39m
[32m[Nest] 89940  - [39m06/24/2025, 2:47:18 PM [32m    LOG[39m [38;5;3m[RouterExplorer] [39m[32mMapped {/api/api/activities/:id/complete, POST} route[39m[38;5;3m +0ms[39m
[32m[Nest] 89940  - [39m06/24/2025, 2:47:18 PM [32m    LOG[39m [38;5;3m[NestApplication] [39m[32mNest application successfully started[39m[38;5;3m +1ms[39m
[31m[Nest] 89940  - [39m06/24/2025, 2:47:18 PM [31m  ERROR[39m [38;5;3m[NestApplication] [39m[31mError: listen EADDRINUSE: address already in use :::3001[39m[38;5;3m +1ms[39m
node:net:1937
    const ex = new UVExceptionWithHostPort(err, 'listen', address, port);
               ^

Error: listen EADDRINUSE: address already in use :::3001
    at Server.setupListenHandle [as _listen2] (node:net:1937:16)
    at listenInCluster (node:net:1994:12)
    at Server.listen (node:net:2099:7)
    at ExpressAdapter.listen (/Users/dongyu/Downloads/ClimberDaz-1/backend/node_modules/@nestjs/platform-express/adapters/express-adapter.js:95:32)
    at /Users/dongyu/Downloads/ClimberDaz-1/backend/node_modules/@nestjs/core/nest-application.js:183:30
    at new Promise (<anonymous>)
    at NestApplication.listen (/Users/dongyu/Downloads/ClimberDaz-1/backend/node_modules/@nestjs/core/nest-application.js:173:16)
    at async bootstrap (/Users/dongyu/Downloads/ClimberDaz-1/backend/src/main.ts:50:3) {
  code: 'EADDRINUSE',
  errno: -48,
  syscall: 'listen',
  address: '::',
  port: 3001
}

Node.js v23.9.0
