
> climberdaz-api@1.0.0 start:dev
> nest start --watch

[2J[3J[H[[90m3:05:18 PM[0m] Starting compilation in watch mode...

[[90m3:05:20 PM[0m] Found 0 errors. Watching for file changes.

[32m[Nest] 94918  - [39m06/24/2025, 3:05:20 PM [32m    LOG[39m [38;5;3m[NestFactory] [39m[32mStarting Nest application...[39m
[32m[Nest] 94918  - [39m06/24/2025, 3:05:20 PM [32m    LOG[39m [38;5;3m[InstanceLoader] [39m[32mTypeOrmModule dependencies initialized[39m[38;5;3m +13ms[39m
[32m[Nest] 94918  - [39m06/24/2025, 3:05:20 PM [32m    LOG[39m [38;5;3m[InstanceLoader] [39m[32mPassportModule dependencies initialized[39m[38;5;3m +1ms[39m
[32m[Nest] 94918  - [39m06/24/2025, 3:05:20 PM [32m    LOG[39m [38;5;3m[InstanceLoader] [39m[32mReviewModule dependencies initialized[39m[38;5;3m +0ms[39m
[32m[Nest] 94918  - [39m06/24/2025, 3:05:20 PM [32m    LOG[39m [38;5;3m[InstanceLoader] [39m[32mNotificationModule dependencies initialized[39m[38;5;3m +0ms[39m
[32m[Nest] 94918  - [39m06/24/2025, 3:05:20 PM [32m    LOG[39m [38;5;3m[InstanceLoader] [39m[32mAppModule dependencies initialized[39m[38;5;3m +0ms[39m
[32m[Nest] 94918  - [39m06/24/2025, 3:05:20 PM [32m    LOG[39m [38;5;3m[InstanceLoader] [39m[32mConfigHostModule dependencies initialized[39m[38;5;3m +0ms[39m
[32m[Nest] 94918  - [39m06/24/2025, 3:05:20 PM [32m    LOG[39m [38;5;3m[InstanceLoader] [39m[32mCacheModule dependencies initialized[39m[38;5;3m +0ms[39m
[32m[Nest] 94918  - [39m06/24/2025, 3:05:20 PM [32m    LOG[39m [38;5;3m[InstanceLoader] [39m[32mCacheModule dependencies initialized[39m[38;5;3m +0ms[39m
[32m[Nest] 94918  - [39m06/24/2025, 3:05:20 PM [32m    LOG[39m [38;5;3m[InstanceLoader] [39m[32mConfigModule dependencies initialized[39m[38;5;3m +0ms[39m
[32m[Nest] 94918  - [39m06/24/2025, 3:05:20 PM [32m    LOG[39m [38;5;3m[InstanceLoader] [39m[32mConfigModule dependencies initialized[39m[38;5;3m +0ms[39m
[32m[Nest] 94918  - [39m06/24/2025, 3:05:20 PM [32m    LOG[39m [38;5;3m[InstanceLoader] [39m[32mJwtModule dependencies initialized[39m[38;5;3m +0ms[39m
[90m[4mquery:[24m[39m [94mPRAGMA[0m [37mforeign_keys[0m [37m=[0m [37mOFF[0m
[90m[4mquery:[24m[39m [94mBEGIN[0m [37mTRANSACTION[0m
[90m[4mquery:[24m[39m [94mSELECT[0m [37m*[0m [94mFROM[0m [37m"sqlite_master"[0m [94mWHERE[0m [37m"type"[0m [37m=[0m [37m'table'[0m [94mAND[0m [37m"name"[0m [94mIN[0m [37m([0m[37m'climbing_gyms'[0m[37m,[0m[37m'reviews'[0m[37m,[0m[37m'activities'[0m[37m,[0m[37m'users'[0m[37m,[0m[37m'review_chains'[0m[37m)[0m
[90m[4mquery:[24m[39m [94mSELECT[0m [37m*[0m [94mFROM[0m [37m"sqlite_master"[0m [94mWHERE[0m [37m"type"[0m [37m=[0m [37m'index'[0m [94mAND[0m [37m"tbl_name"[0m [94mIN[0m [37m([0m[37m'climbing_gyms'[0m[37m,[0m[37m'reviews'[0m[37m,[0m[37m'activities'[0m[37m,[0m[37m'users'[0m[37m,[0m[37m'review_chains'[0m[37m)[0m
[90m[4mquery:[24m[39m [94mPRAGMA[0m [95mtable_xinfo[0m[37m([0m[37m"climbing_gyms"[0m[37m)[0m
[90m[4mquery:[24m[39m [94mPRAGMA[0m [94mindex_list[0m[37m([0m[37m"climbing_gyms"[0m[37m)[0m
[90m[4mquery:[24m[39m [94mPRAGMA[0m [95mforeign_key_list[0m[37m([0m[37m"climbing_gyms"[0m[37m)[0m
[90m[4mquery:[24m[39m [94mPRAGMA[0m [95mtable_xinfo[0m[37m([0m[37m"users"[0m[37m)[0m
[90m[4mquery:[24m[39m [94mPRAGMA[0m [94mindex_list[0m[37m([0m[37m"users"[0m[37m)[0m
[90m[4mquery:[24m[39m [94mPRAGMA[0m [95mforeign_key_list[0m[37m([0m[37m"users"[0m[37m)[0m
[90m[4mquery:[24m[39m [94mPRAGMA[0m [95mtable_xinfo[0m[37m([0m[37m"review_chains"[0m[37m)[0m
[90m[4mquery:[24m[39m [94mPRAGMA[0m [94mindex_list[0m[37m([0m[37m"review_chains"[0m[37m)[0m
[90m[4mquery:[24m[39m [94mPRAGMA[0m [95mforeign_key_list[0m[37m([0m[37m"review_chains"[0m[37m)[0m
[90m[4mquery:[24m[39m [94mPRAGMA[0m [95mtable_xinfo[0m[37m([0m[37m"reviews"[0m[37m)[0m
[90m[4mquery:[24m[39m [94mPRAGMA[0m [94mindex_list[0m[37m([0m[37m"reviews"[0m[37m)[0m
[90m[4mquery:[24m[39m [94mPRAGMA[0m [95mforeign_key_list[0m[37m([0m[37m"reviews"[0m[37m)[0m
[90m[4mquery:[24m[39m [94mPRAGMA[0m [95mtable_xinfo[0m[37m([0m[37m"activities"[0m[37m)[0m
[90m[4mquery:[24m[39m [94mPRAGMA[0m [94mindex_list[0m[37m([0m[37m"activities"[0m[37m)[0m
[90m[4mquery:[24m[39m [94mPRAGMA[0m [95mforeign_key_list[0m[37m([0m[37m"activities"[0m[37m)[0m
[90m[4mquery:[24m[39m [94mPRAGMA[0m [95mindex_info[0m[37m([0m[37m"sqlite_autoindex_users_3"[0m[37m)[0m
[90m[4mquery:[24m[39m [94mPRAGMA[0m [95mindex_info[0m[37m([0m[37m"sqlite_autoindex_users_2"[0m[37m)[0m
[90m[4mquery:[24m[39m [94mPRAGMA[0m [95mindex_info[0m[37m([0m[37m"IDX_e86d672e4d4e2c42acac5c2d2a"[0m[37m)[0m
[90m[4mquery:[24m[39m [94mPRAGMA[0m [95mindex_info[0m[37m([0m[37m"IDX_2bcf25ab94fe9ce73852c45035"[0m[37m)[0m
[90m[4mquery:[24m[39m [94mPRAGMA[0m [95mindex_info[0m[37m([0m[37m"IDX_1f339f4a916dc74cfe1905331c"[0m[37m)[0m
[90m[4mquery:[24m[39m [94mPRAGMA[0m [95mindex_info[0m[37m([0m[37m"IDX_a3b78eef783cef60b3dadf1639"[0m[37m)[0m
[90m[4mquery:[24m[39m [94mPRAGMA[0m [95mindex_info[0m[37m([0m[37m"IDX_59e2538033374fd74f777aeeb2"[0m[37m)[0m
[90m[4mquery:[24m[39m [94mPRAGMA[0m [95mindex_info[0m[37m([0m[37m"IDX_f9238c3e3739dc40322f577fc4"[0m[37m)[0m
[90m[4mquery:[24m[39m [94mPRAGMA[0m [95mindex_info[0m[37m([0m[37m"IDX_c8f626e1e943aabb0f90fb8ee6"[0m[37m)[0m
[90m[4mquery:[24m[39m [94mPRAGMA[0m [95mindex_info[0m[37m([0m[37m"IDX_5eeb41a59a6e41fc1c94982858"[0m[37m)[0m
[90m[4mquery:[24m[39m [94mPRAGMA[0m [95mindex_info[0m[37m([0m[37m"IDX_d90d16ff9761b543a94e7569f4"[0m[37m)[0m
[90m[4mquery:[24m[39m [94mPRAGMA[0m [95mindex_info[0m[37m([0m[37m"IDX_b6f460b67902ed05cf38da03ee"[0m[37m)[0m
[90m[4mquery:[24m[39m [94mPRAGMA[0m [95mindex_info[0m[37m([0m[37m"IDX_ddaa19d1b924fe9ab9e1cf9f6e"[0m[37m)[0m
[90m[4mquery:[24m[39m [94mPRAGMA[0m [95mindex_info[0m[37m([0m[37m"IDX_0d5b31d7944ebe5cc7b66452b5"[0m[37m)[0m
[90m[4mquery:[24m[39m [94mPRAGMA[0m [95mindex_info[0m[37m([0m[37m"IDX_a000cca60bcf04454e72769949"[0m[37m)[0m
[90m[4mquery:[24m[39m [94mPRAGMA[0m [95mindex_info[0m[37m([0m[37m"IDX_65cbf5fcb331619593ee334c7c"[0m[37m)[0m
[90m[4mquery:[24m[39m [94mSELECT[0m [37m*[0m [94mFROM[0m [37m"sqlite_master"[0m [94mWHERE[0m [37m"type"[0m [37m=[0m [37m'table'[0m [94mAND[0m [37m"name"[0m [37m=[0m [37m'typeorm_metadata'[0m
[90m[4mquery:[24m[39m [94mCOMMIT[0m
[90m[4mquery:[24m[39m [94mPRAGMA[0m [37mforeign_keys[0m [37m=[0m [94mON[0m
[32m[Nest] 94918  - [39m06/24/2025, 3:05:20 PM [32m    LOG[39m [38;5;3m[InstanceLoader] [39m[32mTypeOrmCoreModule dependencies initialized[39m[38;5;3m +20ms[39m
[32m[Nest] 94918  - [39m06/24/2025, 3:05:20 PM [32m    LOG[39m [38;5;3m[InstanceLoader] [39m[32mTypeOrmModule dependencies initialized[39m[38;5;3m +0ms[39m
[32m[Nest] 94918  - [39m06/24/2025, 3:05:20 PM [32m    LOG[39m [38;5;3m[InstanceLoader] [39m[32mTypeOrmModule dependencies initialized[39m[38;5;3m +0ms[39m
[32m[Nest] 94918  - [39m06/24/2025, 3:05:20 PM [32m    LOG[39m [38;5;3m[InstanceLoader] [39m[32mTypeOrmModule dependencies initialized[39m[38;5;3m +0ms[39m
[32m[Nest] 94918  - [39m06/24/2025, 3:05:20 PM [32m    LOG[39m [38;5;3m[InstanceLoader] [39m[32mUserModule dependencies initialized[39m[38;5;3m +1ms[39m
[32m[Nest] 94918  - [39m06/24/2025, 3:05:20 PM [32m    LOG[39m [38;5;3m[InstanceLoader] [39m[32mClimbingGymModule dependencies initialized[39m[38;5;3m +0ms[39m
[32m[Nest] 94918  - [39m06/24/2025, 3:05:20 PM [32m    LOG[39m [38;5;3m[InstanceLoader] [39m[32mAuthModule dependencies initialized[39m[38;5;3m +0ms[39m
[32m[Nest] 94918  - [39m06/24/2025, 3:05:20 PM [32m    LOG[39m [38;5;3m[InstanceLoader] [39m[32mActivityModule dependencies initialized[39m[38;5;3m +0ms[39m
[32m[Nest] 94918  - [39m06/24/2025, 3:05:20 PM [32m    LOG[39m [38;5;3m[RoutesResolver] [39m[32mDemoController {/api/demo}:[39m[38;5;3m +12ms[39m
[32m[Nest] 94918  - [39m06/24/2025, 3:05:20 PM [32m    LOG[39m [38;5;3m[RouterExplorer] [39m[32mMapped {/api/demo, GET} route[39m[38;5;3m +0ms[39m
[32m[Nest] 94918  - [39m06/24/2025, 3:05:20 PM [32m    LOG[39m [38;5;3m[RouterExplorer] [39m[32mMapped {/api/demo/health, GET} route[39m[38;5;3m +0ms[39m
[32m[Nest] 94918  - [39m06/24/2025, 3:05:20 PM [32m    LOG[39m [38;5;3m[RouterExplorer] [39m[32mMapped {/api/demo/api-status, GET} route[39m[38;5;3m +0ms[39m
[32m[Nest] 94918  - [39m06/24/2025, 3:05:20 PM [32m    LOG[39m [38;5;3m[RoutesResolver] [39m[32mAuthController {/api/auth}:[39m[38;5;3m +0ms[39m
[32m[Nest] 94918  - [39m06/24/2025, 3:05:20 PM [32m    LOG[39m [38;5;3m[RouterExplorer] [39m[32mMapped {/api/auth/register, POST} route[39m[38;5;3m +1ms[39m
[32m[Nest] 94918  - [39m06/24/2025, 3:05:20 PM [32m    LOG[39m [38;5;3m[RouterExplorer] [39m[32mMapped {/api/auth/login, POST} route[39m[38;5;3m +0ms[39m
[32m[Nest] 94918  - [39m06/24/2025, 3:05:20 PM [32m    LOG[39m [38;5;3m[RouterExplorer] [39m[32mMapped {/api/auth/profile, GET} route[39m[38;5;3m +0ms[39m
[32m[Nest] 94918  - [39m06/24/2025, 3:05:20 PM [32m    LOG[39m [38;5;3m[RouterExplorer] [39m[32mMapped {/api/auth/refresh, POST} route[39m[38;5;3m +0ms[39m
[32m[Nest] 94918  - [39m06/24/2025, 3:05:20 PM [32m    LOG[39m [38;5;3m[RouterExplorer] [39m[32mMapped {/api/auth/logout, POST} route[39m[38;5;3m +0ms[39m
[32m[Nest] 94918  - [39m06/24/2025, 3:05:20 PM [32m    LOG[39m [38;5;3m[RoutesResolver] [39m[32mUserController {/api/api/users}:[39m[38;5;3m +0ms[39m
[32m[Nest] 94918  - [39m06/24/2025, 3:05:20 PM [32m    LOG[39m [38;5;3m[RouterExplorer] [39m[32mMapped {/api/api/users/profile, GET} route[39m[38;5;3m +0ms[39m
[32m[Nest] 94918  - [39m06/24/2025, 3:05:20 PM [32m    LOG[39m [38;5;3m[RouterExplorer] [39m[32mMapped {/api/api/users/profile, PATCH} route[39m[38;5;3m +0ms[39m
[32m[Nest] 94918  - [39m06/24/2025, 3:05:20 PM [32m    LOG[39m [38;5;3m[RouterExplorer] [39m[32mMapped {/api/api/users/stats, GET} route[39m[38;5;3m +0ms[39m
[32m[Nest] 94918  - [39m06/24/2025, 3:05:20 PM [32m    LOG[39m [38;5;3m[RouterExplorer] [39m[32mMapped {/api/api/users/search, GET} route[39m[38;5;3m +0ms[39m
[32m[Nest] 94918  - [39m06/24/2025, 3:05:20 PM [32m    LOG[39m [38;5;3m[RouterExplorer] [39m[32mMapped {/api/api/users, GET} route[39m[38;5;3m +0ms[39m
[32m[Nest] 94918  - [39m06/24/2025, 3:05:20 PM [32m    LOG[39m [38;5;3m[RouterExplorer] [39m[32mMapped {/api/api/users/:id, GET} route[39m[38;5;3m +0ms[39m
[32m[Nest] 94918  - [39m06/24/2025, 3:05:20 PM [32m    LOG[39m [38;5;3m[RouterExplorer] [39m[32mMapped {/api/api/users/:id/stats, GET} route[39m[38;5;3m +0ms[39m
[32m[Nest] 94918  - [39m06/24/2025, 3:05:20 PM [32m    LOG[39m [38;5;3m[RouterExplorer] [39m[32mMapped {/api/api/users/:id/deactivate, PATCH} route[39m[38;5;3m +0ms[39m
[32m[Nest] 94918  - [39m06/24/2025, 3:05:20 PM [32m    LOG[39m [38;5;3m[RouterExplorer] [39m[32mMapped {/api/api/users/:id/activate, PATCH} route[39m[38;5;3m +0ms[39m
[32m[Nest] 94918  - [39m06/24/2025, 3:05:20 PM [32m    LOG[39m [38;5;3m[RouterExplorer] [39m[32mMapped {/api/api/users/:id/role, PATCH} route[39m[38;5;3m +0ms[39m
[32m[Nest] 94918  - [39m06/24/2025, 3:05:20 PM [32m    LOG[39m [38;5;3m[RoutesResolver] [39m[32mClimbingGymController {/api/climbing-gyms}:[39m[38;5;3m +0ms[39m
[32m[Nest] 94918  - [39m06/24/2025, 3:05:20 PM [32m    LOG[39m [38;5;3m[RouterExplorer] [39m[32mMapped {/api/climbing-gyms, POST} route[39m[38;5;3m +1ms[39m
[32m[Nest] 94918  - [39m06/24/2025, 3:05:20 PM [32m    LOG[39m [38;5;3m[RouterExplorer] [39m[32mMapped {/api/climbing-gyms, GET} route[39m[38;5;3m +0ms[39m
[32m[Nest] 94918  - [39m06/24/2025, 3:05:20 PM [32m    LOG[39m [38;5;3m[RouterExplorer] [39m[32mMapped {/api/climbing-gyms/cities, GET} route[39m[38;5;3m +0ms[39m
[32m[Nest] 94918  - [39m06/24/2025, 3:05:20 PM [32m    LOG[39m [38;5;3m[RouterExplorer] [39m[32mMapped {/api/climbing-gyms/search, GET} route[39m[38;5;3m +0ms[39m
[32m[Nest] 94918  - [39m06/24/2025, 3:05:20 PM [32m    LOG[39m [38;5;3m[RouterExplorer] [39m[32mMapped {/api/climbing-gyms/nearby, GET} route[39m[38;5;3m +0ms[39m
[32m[Nest] 94918  - [39m06/24/2025, 3:05:20 PM [32m    LOG[39m [38;5;3m[RouterExplorer] [39m[32mMapped {/api/climbing-gyms/:id, GET} route[39m[38;5;3m +0ms[39m
[32m[Nest] 94918  - [39m06/24/2025, 3:05:20 PM [32m    LOG[39m [38;5;3m[RouterExplorer] [39m[32mMapped {/api/climbing-gyms/:id, PATCH} route[39m[38;5;3m +0ms[39m
[32m[Nest] 94918  - [39m06/24/2025, 3:05:20 PM [32m    LOG[39m [38;5;3m[RouterExplorer] [39m[32mMapped {/api/climbing-gyms/:id, DELETE} route[39m[38;5;3m +0ms[39m
[32m[Nest] 94918  - [39m06/24/2025, 3:05:20 PM [32m    LOG[39m [38;5;3m[RoutesResolver] [39m[32mActivityController {/api/api/activities}:[39m[38;5;3m +0ms[39m
[32m[Nest] 94918  - [39m06/24/2025, 3:05:20 PM [32m    LOG[39m [38;5;3m[RouterExplorer] [39m[32mMapped {/api/api/activities, POST} route[39m[38;5;3m +0ms[39m
[32m[Nest] 94918  - [39m06/24/2025, 3:05:20 PM [32m    LOG[39m [38;5;3m[RouterExplorer] [39m[32mMapped {/api/api/activities, GET} route[39m[38;5;3m +0ms[39m
[32m[Nest] 94918  - [39m06/24/2025, 3:05:20 PM [32m    LOG[39m [38;5;3m[RouterExplorer] [39m[32mMapped {/api/api/activities/my, GET} route[39m[38;5;3m +0ms[39m
[32m[Nest] 94918  - [39m06/24/2025, 3:05:20 PM [32m    LOG[39m [38;5;3m[RouterExplorer] [39m[32mMapped {/api/api/activities/:id, GET} route[39m[38;5;3m +0ms[39m
[32m[Nest] 94918  - [39m06/24/2025, 3:05:20 PM [32m    LOG[39m [38;5;3m[RouterExplorer] [39m[32mMapped {/api/api/activities/:id, PATCH} route[39m[38;5;3m +0ms[39m
[32m[Nest] 94918  - [39m06/24/2025, 3:05:20 PM [32m    LOG[39m [38;5;3m[RouterExplorer] [39m[32mMapped {/api/api/activities/:id, DELETE} route[39m[38;5;3m +0ms[39m
[32m[Nest] 94918  - [39m06/24/2025, 3:05:20 PM [32m    LOG[39m [38;5;3m[RouterExplorer] [39m[32mMapped {/api/api/activities/:id/join, POST} route[39m[38;5;3m +0ms[39m
[32m[Nest] 94918  - [39m06/24/2025, 3:05:20 PM [32m    LOG[39m [38;5;3m[RouterExplorer] [39m[32mMapped {/api/api/activities/:id/leave, POST} route[39m[38;5;3m +0ms[39m
[32m[Nest] 94918  - [39m06/24/2025, 3:05:20 PM [32m    LOG[39m [38;5;3m[RouterExplorer] [39m[32mMapped {/api/api/activities/:id/complete, POST} route[39m[38;5;3m +0ms[39m
[32m[Nest] 94918  - [39m06/24/2025, 3:05:20 PM [32m    LOG[39m [38;5;3m[NestApplication] [39m[32mNest application successfully started[39m[38;5;3m +1ms[39m
🚀 ClimberDaz API server started on port 3001
📖 API Documentation: http://localhost:3001/api/docs
[31m[Nest] 94918  - [39m06/24/2025, 3:05:30 PM [31m  ERROR[39m [38;5;3m[ExceptionsHandler] [39m[31mProvided "limit" value is not a number. Please provide a numeric value.[39m
TypeORMError: Provided "limit" value is not a number. Please provide a numeric value.
    at SelectQueryBuilder.limit (/Users/dongyu/Downloads/ClimberDaz-1/backend/node_modules/typeorm/query-builder/src/query-builder/SelectQueryBuilder.ts:1460:19)
    at ClimbingGymService.findAll (/Users/dongyu/Downloads/ClimberDaz-1/backend/src/modules/climbing-gym/climbing-gym.service.ts:40:8)
    at ClimbingGymController.findAll (/Users/dongyu/Downloads/ClimberDaz-1/backend/src/modules/climbing-gym/climbing-gym.controller.ts:62:36)
    at /Users/dongyu/Downloads/ClimberDaz-1/backend/node_modules/@nestjs/core/router/router-execution-context.js:38:29
    at process.processTicksAndRejections (node:internal/process/task_queues:105:5)
    at async /Users/dongyu/Downloads/ClimberDaz-1/backend/node_modules/@nestjs/core/router/router-execution-context.js:46:28
    at async /Users/dongyu/Downloads/ClimberDaz-1/backend/node_modules/@nestjs/core/router/router-proxy.js:9:17
[2J[3J[H[[90m3:05:51 PM[0m] File change detected. Starting incremental compilation...

[[90m3:05:51 PM[0m] Found 0 errors. Watching for file changes.

[32m[Nest] 95100  - [39m06/24/2025, 3:05:52 PM [32m    LOG[39m [38;5;3m[NestFactory] [39m[32mStarting Nest application...[39m
[32m[Nest] 95100  - [39m06/24/2025, 3:05:52 PM [32m    LOG[39m [38;5;3m[InstanceLoader] [39m[32mTypeOrmModule dependencies initialized[39m[38;5;3m +14ms[39m
[32m[Nest] 95100  - [39m06/24/2025, 3:05:52 PM [32m    LOG[39m [38;5;3m[InstanceLoader] [39m[32mPassportModule dependencies initialized[39m[38;5;3m +0ms[39m
[32m[Nest] 95100  - [39m06/24/2025, 3:05:52 PM [32m    LOG[39m [38;5;3m[InstanceLoader] [39m[32mReviewModule dependencies initialized[39m[38;5;3m +0ms[39m
[32m[Nest] 95100  - [39m06/24/2025, 3:05:52 PM [32m    LOG[39m [38;5;3m[InstanceLoader] [39m[32mNotificationModule dependencies initialized[39m[38;5;3m +0ms[39m
[32m[Nest] 95100  - [39m06/24/2025, 3:05:52 PM [32m    LOG[39m [38;5;3m[InstanceLoader] [39m[32mAppModule dependencies initialized[39m[38;5;3m +0ms[39m
[32m[Nest] 95100  - [39m06/24/2025, 3:05:52 PM [32m    LOG[39m [38;5;3m[InstanceLoader] [39m[32mConfigHostModule dependencies initialized[39m[38;5;3m +0ms[39m
[32m[Nest] 95100  - [39m06/24/2025, 3:05:52 PM [32m    LOG[39m [38;5;3m[InstanceLoader] [39m[32mCacheModule dependencies initialized[39m[38;5;3m +1ms[39m
[32m[Nest] 95100  - [39m06/24/2025, 3:05:52 PM [32m    LOG[39m [38;5;3m[InstanceLoader] [39m[32mCacheModule dependencies initialized[39m[38;5;3m +0ms[39m
[32m[Nest] 95100  - [39m06/24/2025, 3:05:52 PM [32m    LOG[39m [38;5;3m[InstanceLoader] [39m[32mConfigModule dependencies initialized[39m[38;5;3m +0ms[39m
[32m[Nest] 95100  - [39m06/24/2025, 3:05:52 PM [32m    LOG[39m [38;5;3m[InstanceLoader] [39m[32mConfigModule dependencies initialized[39m[38;5;3m +0ms[39m
[32m[Nest] 95100  - [39m06/24/2025, 3:05:52 PM [32m    LOG[39m [38;5;3m[InstanceLoader] [39m[32mJwtModule dependencies initialized[39m[38;5;3m +0ms[39m
[90m[4mquery:[24m[39m [94mPRAGMA[0m [37mforeign_keys[0m [37m=[0m [37mOFF[0m
[90m[4mquery:[24m[39m [94mBEGIN[0m [37mTRANSACTION[0m
[90m[4mquery:[24m[39m [94mSELECT[0m [37m*[0m [94mFROM[0m [37m"sqlite_master"[0m [94mWHERE[0m [37m"type"[0m [37m=[0m [37m'table'[0m [94mAND[0m [37m"name"[0m [94mIN[0m [37m([0m[37m'climbing_gyms'[0m[37m,[0m[37m'reviews'[0m[37m,[0m[37m'activities'[0m[37m,[0m[37m'users'[0m[37m,[0m[37m'review_chains'[0m[37m)[0m
[90m[4mquery:[24m[39m [94mSELECT[0m [37m*[0m [94mFROM[0m [37m"sqlite_master"[0m [94mWHERE[0m [37m"type"[0m [37m=[0m [37m'index'[0m [94mAND[0m [37m"tbl_name"[0m [94mIN[0m [37m([0m[37m'climbing_gyms'[0m[37m,[0m[37m'reviews'[0m[37m,[0m[37m'activities'[0m[37m,[0m[37m'users'[0m[37m,[0m[37m'review_chains'[0m[37m)[0m
[90m[4mquery:[24m[39m [94mPRAGMA[0m [95mtable_xinfo[0m[37m([0m[37m"climbing_gyms"[0m[37m)[0m
[90m[4mquery:[24m[39m [94mPRAGMA[0m [94mindex_list[0m[37m([0m[37m"climbing_gyms"[0m[37m)[0m
[90m[4mquery:[24m[39m [94mPRAGMA[0m [95mforeign_key_list[0m[37m([0m[37m"climbing_gyms"[0m[37m)[0m
[90m[4mquery:[24m[39m [94mPRAGMA[0m [95mtable_xinfo[0m[37m([0m[37m"users"[0m[37m)[0m
[90m[4mquery:[24m[39m [94mPRAGMA[0m [94mindex_list[0m[37m([0m[37m"users"[0m[37m)[0m
[90m[4mquery:[24m[39m [94mPRAGMA[0m [95mforeign_key_list[0m[37m([0m[37m"users"[0m[37m)[0m
[90m[4mquery:[24m[39m [94mPRAGMA[0m [95mtable_xinfo[0m[37m([0m[37m"review_chains"[0m[37m)[0m
[90m[4mquery:[24m[39m [94mPRAGMA[0m [94mindex_list[0m[37m([0m[37m"review_chains"[0m[37m)[0m
[90m[4mquery:[24m[39m [94mPRAGMA[0m [95mforeign_key_list[0m[37m([0m[37m"review_chains"[0m[37m)[0m
[90m[4mquery:[24m[39m [94mPRAGMA[0m [95mtable_xinfo[0m[37m([0m[37m"reviews"[0m[37m)[0m
[90m[4mquery:[24m[39m [94mPRAGMA[0m [94mindex_list[0m[37m([0m[37m"reviews"[0m[37m)[0m
[90m[4mquery:[24m[39m [94mPRAGMA[0m [95mforeign_key_list[0m[37m([0m[37m"reviews"[0m[37m)[0m
[90m[4mquery:[24m[39m [94mPRAGMA[0m [95mtable_xinfo[0m[37m([0m[37m"activities"[0m[37m)[0m
[90m[4mquery:[24m[39m [94mPRAGMA[0m [94mindex_list[0m[37m([0m[37m"activities"[0m[37m)[0m
[90m[4mquery:[24m[39m [94mPRAGMA[0m [95mforeign_key_list[0m[37m([0m[37m"activities"[0m[37m)[0m
[90m[4mquery:[24m[39m [94mPRAGMA[0m [95mindex_info[0m[37m([0m[37m"sqlite_autoindex_users_3"[0m[37m)[0m
[90m[4mquery:[24m[39m [94mPRAGMA[0m [95mindex_info[0m[37m([0m[37m"sqlite_autoindex_users_2"[0m[37m)[0m
[90m[4mquery:[24m[39m [94mPRAGMA[0m [95mindex_info[0m[37m([0m[37m"IDX_e86d672e4d4e2c42acac5c2d2a"[0m[37m)[0m
[90m[4mquery:[24m[39m [94mPRAGMA[0m [95mindex_info[0m[37m([0m[37m"IDX_2bcf25ab94fe9ce73852c45035"[0m[37m)[0m
[90m[4mquery:[24m[39m [94mPRAGMA[0m [95mindex_info[0m[37m([0m[37m"IDX_1f339f4a916dc74cfe1905331c"[0m[37m)[0m
[90m[4mquery:[24m[39m [94mPRAGMA[0m [95mindex_info[0m[37m([0m[37m"IDX_a3b78eef783cef60b3dadf1639"[0m[37m)[0m
[90m[4mquery:[24m[39m [94mPRAGMA[0m [95mindex_info[0m[37m([0m[37m"IDX_59e2538033374fd74f777aeeb2"[0m[37m)[0m
[90m[4mquery:[24m[39m [94mPRAGMA[0m [95mindex_info[0m[37m([0m[37m"IDX_f9238c3e3739dc40322f577fc4"[0m[37m)[0m
[90m[4mquery:[24m[39m [94mPRAGMA[0m [95mindex_info[0m[37m([0m[37m"IDX_c8f626e1e943aabb0f90fb8ee6"[0m[37m)[0m
[90m[4mquery:[24m[39m [94mPRAGMA[0m [95mindex_info[0m[37m([0m[37m"IDX_5eeb41a59a6e41fc1c94982858"[0m[37m)[0m
[90m[4mquery:[24m[39m [94mPRAGMA[0m [95mindex_info[0m[37m([0m[37m"IDX_d90d16ff9761b543a94e7569f4"[0m[37m)[0m
[90m[4mquery:[24m[39m [94mPRAGMA[0m [95mindex_info[0m[37m([0m[37m"IDX_b6f460b67902ed05cf38da03ee"[0m[37m)[0m
[90m[4mquery:[24m[39m [94mPRAGMA[0m [95mindex_info[0m[37m([0m[37m"IDX_ddaa19d1b924fe9ab9e1cf9f6e"[0m[37m)[0m
[90m[4mquery:[24m[39m [94mPRAGMA[0m [95mindex_info[0m[37m([0m[37m"IDX_0d5b31d7944ebe5cc7b66452b5"[0m[37m)[0m
[90m[4mquery:[24m[39m [94mPRAGMA[0m [95mindex_info[0m[37m([0m[37m"IDX_a000cca60bcf04454e72769949"[0m[37m)[0m
[90m[4mquery:[24m[39m [94mPRAGMA[0m [95mindex_info[0m[37m([0m[37m"IDX_65cbf5fcb331619593ee334c7c"[0m[37m)[0m
[90m[4mquery:[24m[39m [94mSELECT[0m [37m*[0m [94mFROM[0m [37m"sqlite_master"[0m [94mWHERE[0m [37m"type"[0m [37m=[0m [37m'table'[0m [94mAND[0m [37m"name"[0m [37m=[0m [37m'typeorm_metadata'[0m
[90m[4mquery:[24m[39m [94mCOMMIT[0m
[90m[4mquery:[24m[39m [94mPRAGMA[0m [37mforeign_keys[0m [37m=[0m [94mON[0m
[32m[Nest] 95100  - [39m06/24/2025, 3:05:52 PM [32m    LOG[39m [38;5;3m[InstanceLoader] [39m[32mTypeOrmCoreModule dependencies initialized[39m[38;5;3m +21ms[39m
[32m[Nest] 95100  - [39m06/24/2025, 3:05:52 PM [32m    LOG[39m [38;5;3m[InstanceLoader] [39m[32mTypeOrmModule dependencies initialized[39m[38;5;3m +0ms[39m
[32m[Nest] 95100  - [39m06/24/2025, 3:05:52 PM [32m    LOG[39m [38;5;3m[InstanceLoader] [39m[32mTypeOrmModule dependencies initialized[39m[38;5;3m +0ms[39m
[32m[Nest] 95100  - [39m06/24/2025, 3:05:52 PM [32m    LOG[39m [38;5;3m[InstanceLoader] [39m[32mTypeOrmModule dependencies initialized[39m[38;5;3m +0ms[39m
[32m[Nest] 95100  - [39m06/24/2025, 3:05:52 PM [32m    LOG[39m [38;5;3m[InstanceLoader] [39m[32mUserModule dependencies initialized[39m[38;5;3m +1ms[39m
[32m[Nest] 95100  - [39m06/24/2025, 3:05:52 PM [32m    LOG[39m [38;5;3m[InstanceLoader] [39m[32mClimbingGymModule dependencies initialized[39m[38;5;3m +0ms[39m
[32m[Nest] 95100  - [39m06/24/2025, 3:05:52 PM [32m    LOG[39m [38;5;3m[InstanceLoader] [39m[32mAuthModule dependencies initialized[39m[38;5;3m +0ms[39m
[32m[Nest] 95100  - [39m06/24/2025, 3:05:52 PM [32m    LOG[39m [38;5;3m[InstanceLoader] [39m[32mActivityModule dependencies initialized[39m[38;5;3m +0ms[39m
[32m[Nest] 95100  - [39m06/24/2025, 3:05:52 PM [32m    LOG[39m [38;5;3m[RoutesResolver] [39m[32mDemoController {/api/demo}:[39m[38;5;3m +11ms[39m
[32m[Nest] 95100  - [39m06/24/2025, 3:05:52 PM [32m    LOG[39m [38;5;3m[RouterExplorer] [39m[32mMapped {/api/demo, GET} route[39m[38;5;3m +1ms[39m
[32m[Nest] 95100  - [39m06/24/2025, 3:05:52 PM [32m    LOG[39m [38;5;3m[RouterExplorer] [39m[32mMapped {/api/demo/health, GET} route[39m[38;5;3m +0ms[39m
[32m[Nest] 95100  - [39m06/24/2025, 3:05:52 PM [32m    LOG[39m [38;5;3m[RouterExplorer] [39m[32mMapped {/api/demo/api-status, GET} route[39m[38;5;3m +0ms[39m
[32m[Nest] 95100  - [39m06/24/2025, 3:05:52 PM [32m    LOG[39m [38;5;3m[RoutesResolver] [39m[32mAuthController {/api/auth}:[39m[38;5;3m +0ms[39m
[32m[Nest] 95100  - [39m06/24/2025, 3:05:52 PM [32m    LOG[39m [38;5;3m[RouterExplorer] [39m[32mMapped {/api/auth/register, POST} route[39m[38;5;3m +0ms[39m
[32m[Nest] 95100  - [39m06/24/2025, 3:05:52 PM [32m    LOG[39m [38;5;3m[RouterExplorer] [39m[32mMapped {/api/auth/login, POST} route[39m[38;5;3m +0ms[39m
[32m[Nest] 95100  - [39m06/24/2025, 3:05:52 PM [32m    LOG[39m [38;5;3m[RouterExplorer] [39m[32mMapped {/api/auth/profile, GET} route[39m[38;5;3m +0ms[39m
[32m[Nest] 95100  - [39m06/24/2025, 3:05:52 PM [32m    LOG[39m [38;5;3m[RouterExplorer] [39m[32mMapped {/api/auth/refresh, POST} route[39m[38;5;3m +1ms[39m
[32m[Nest] 95100  - [39m06/24/2025, 3:05:52 PM [32m    LOG[39m [38;5;3m[RouterExplorer] [39m[32mMapped {/api/auth/logout, POST} route[39m[38;5;3m +0ms[39m
[32m[Nest] 95100  - [39m06/24/2025, 3:05:52 PM [32m    LOG[39m [38;5;3m[RoutesResolver] [39m[32mUserController {/api/api/users}:[39m[38;5;3m +0ms[39m
[32m[Nest] 95100  - [39m06/24/2025, 3:05:52 PM [32m    LOG[39m [38;5;3m[RouterExplorer] [39m[32mMapped {/api/api/users/profile, GET} route[39m[38;5;3m +0ms[39m
[32m[Nest] 95100  - [39m06/24/2025, 3:05:52 PM [32m    LOG[39m [38;5;3m[RouterExplorer] [39m[32mMapped {/api/api/users/profile, PATCH} route[39m[38;5;3m +0ms[39m
[32m[Nest] 95100  - [39m06/24/2025, 3:05:52 PM [32m    LOG[39m [38;5;3m[RouterExplorer] [39m[32mMapped {/api/api/users/stats, GET} route[39m[38;5;3m +0ms[39m
[32m[Nest] 95100  - [39m06/24/2025, 3:05:52 PM [32m    LOG[39m [38;5;3m[RouterExplorer] [39m[32mMapped {/api/api/users/search, GET} route[39m[38;5;3m +0ms[39m
[32m[Nest] 95100  - [39m06/24/2025, 3:05:52 PM [32m    LOG[39m [38;5;3m[RouterExplorer] [39m[32mMapped {/api/api/users, GET} route[39m[38;5;3m +0ms[39m
[32m[Nest] 95100  - [39m06/24/2025, 3:05:52 PM [32m    LOG[39m [38;5;3m[RouterExplorer] [39m[32mMapped {/api/api/users/:id, GET} route[39m[38;5;3m +0ms[39m
[32m[Nest] 95100  - [39m06/24/2025, 3:05:52 PM [32m    LOG[39m [38;5;3m[RouterExplorer] [39m[32mMapped {/api/api/users/:id/stats, GET} route[39m[38;5;3m +0ms[39m
[32m[Nest] 95100  - [39m06/24/2025, 3:05:52 PM [32m    LOG[39m [38;5;3m[RouterExplorer] [39m[32mMapped {/api/api/users/:id/deactivate, PATCH} route[39m[38;5;3m +0ms[39m
[32m[Nest] 95100  - [39m06/24/2025, 3:05:52 PM [32m    LOG[39m [38;5;3m[RouterExplorer] [39m[32mMapped {/api/api/users/:id/activate, PATCH} route[39m[38;5;3m +0ms[39m
[32m[Nest] 95100  - [39m06/24/2025, 3:05:52 PM [32m    LOG[39m [38;5;3m[RouterExplorer] [39m[32mMapped {/api/api/users/:id/role, PATCH} route[39m[38;5;3m +0ms[39m
[32m[Nest] 95100  - [39m06/24/2025, 3:05:52 PM [32m    LOG[39m [38;5;3m[RoutesResolver] [39m[32mClimbingGymController {/api/climbing-gyms}:[39m[38;5;3m +0ms[39m
[32m[Nest] 95100  - [39m06/24/2025, 3:05:52 PM [32m    LOG[39m [38;5;3m[RouterExplorer] [39m[32mMapped {/api/climbing-gyms, POST} route[39m[38;5;3m +0ms[39m
[32m[Nest] 95100  - [39m06/24/2025, 3:05:52 PM [32m    LOG[39m [38;5;3m[RouterExplorer] [39m[32mMapped {/api/climbing-gyms, GET} route[39m[38;5;3m +0ms[39m
[32m[Nest] 95100  - [39m06/24/2025, 3:05:52 PM [32m    LOG[39m [38;5;3m[RouterExplorer] [39m[32mMapped {/api/climbing-gyms/cities, GET} route[39m[38;5;3m +0ms[39m
[32m[Nest] 95100  - [39m06/24/2025, 3:05:52 PM [32m    LOG[39m [38;5;3m[RouterExplorer] [39m[32mMapped {/api/climbing-gyms/search, GET} route[39m[38;5;3m +0ms[39m
[32m[Nest] 95100  - [39m06/24/2025, 3:05:52 PM [32m    LOG[39m [38;5;3m[RouterExplorer] [39m[32mMapped {/api/climbing-gyms/nearby, GET} route[39m[38;5;3m +0ms[39m
[32m[Nest] 95100  - [39m06/24/2025, 3:05:52 PM [32m    LOG[39m [38;5;3m[RouterExplorer] [39m[32mMapped {/api/climbing-gyms/:id, GET} route[39m[38;5;3m +0ms[39m
[32m[Nest] 95100  - [39m06/24/2025, 3:05:52 PM [32m    LOG[39m [38;5;3m[RouterExplorer] [39m[32mMapped {/api/climbing-gyms/:id, PATCH} route[39m[38;5;3m +0ms[39m
[32m[Nest] 95100  - [39m06/24/2025, 3:05:52 PM [32m    LOG[39m [38;5;3m[RouterExplorer] [39m[32mMapped {/api/climbing-gyms/:id, DELETE} route[39m[38;5;3m +0ms[39m
[32m[Nest] 95100  - [39m06/24/2025, 3:05:52 PM [32m    LOG[39m [38;5;3m[RoutesResolver] [39m[32mActivityController {/api/api/activities}:[39m[38;5;3m +0ms[39m
[32m[Nest] 95100  - [39m06/24/2025, 3:05:52 PM [32m    LOG[39m [38;5;3m[RouterExplorer] [39m[32mMapped {/api/api/activities, POST} route[39m[38;5;3m +0ms[39m
[32m[Nest] 95100  - [39m06/24/2025, 3:05:52 PM [32m    LOG[39m [38;5;3m[RouterExplorer] [39m[32mMapped {/api/api/activities, GET} route[39m[38;5;3m +1ms[39m
[32m[Nest] 95100  - [39m06/24/2025, 3:05:52 PM [32m    LOG[39m [38;5;3m[RouterExplorer] [39m[32mMapped {/api/api/activities/my, GET} route[39m[38;5;3m +0ms[39m
[32m[Nest] 95100  - [39m06/24/2025, 3:05:52 PM [32m    LOG[39m [38;5;3m[RouterExplorer] [39m[32mMapped {/api/api/activities/:id, GET} route[39m[38;5;3m +0ms[39m
[32m[Nest] 95100  - [39m06/24/2025, 3:05:52 PM [32m    LOG[39m [38;5;3m[RouterExplorer] [39m[32mMapped {/api/api/activities/:id, PATCH} route[39m[38;5;3m +0ms[39m
[32m[Nest] 95100  - [39m06/24/2025, 3:05:52 PM [32m    LOG[39m [38;5;3m[RouterExplorer] [39m[32mMapped {/api/api/activities/:id, DELETE} route[39m[38;5;3m +0ms[39m
[32m[Nest] 95100  - [39m06/24/2025, 3:05:52 PM [32m    LOG[39m [38;5;3m[RouterExplorer] [39m[32mMapped {/api/api/activities/:id/join, POST} route[39m[38;5;3m +0ms[39m
[32m[Nest] 95100  - [39m06/24/2025, 3:05:52 PM [32m    LOG[39m [38;5;3m[RouterExplorer] [39m[32mMapped {/api/api/activities/:id/leave, POST} route[39m[38;5;3m +0ms[39m
[32m[Nest] 95100  - [39m06/24/2025, 3:05:52 PM [32m    LOG[39m [38;5;3m[RouterExplorer] [39m[32mMapped {/api/api/activities/:id/complete, POST} route[39m[38;5;3m +0ms[39m
[32m[Nest] 95100  - [39m06/24/2025, 3:05:52 PM [32m    LOG[39m [38;5;3m[NestApplication] [39m[32mNest application successfully started[39m[38;5;3m +1ms[39m
🚀 ClimberDaz API server started on port 3001
📖 API Documentation: http://localhost:3001/api/docs
[2J[3J[H[[90m3:06:04 PM[0m] File change detected. Starting incremental compilation...

[[90m3:06:04 PM[0m] Found 0 errors. Watching for file changes.

[32m[Nest] 95180  - [39m06/24/2025, 3:06:05 PM [32m    LOG[39m [38;5;3m[NestFactory] [39m[32mStarting Nest application...[39m
[32m[Nest] 95180  - [39m06/24/2025, 3:06:05 PM [32m    LOG[39m [38;5;3m[InstanceLoader] [39m[32mTypeOrmModule dependencies initialized[39m[38;5;3m +15ms[39m
[32m[Nest] 95180  - [39m06/24/2025, 3:06:05 PM [32m    LOG[39m [38;5;3m[InstanceLoader] [39m[32mPassportModule dependencies initialized[39m[38;5;3m +0ms[39m
[32m[Nest] 95180  - [39m06/24/2025, 3:06:05 PM [32m    LOG[39m [38;5;3m[InstanceLoader] [39m[32mReviewModule dependencies initialized[39m[38;5;3m +0ms[39m
[32m[Nest] 95180  - [39m06/24/2025, 3:06:05 PM [32m    LOG[39m [38;5;3m[InstanceLoader] [39m[32mNotificationModule dependencies initialized[39m[38;5;3m +0ms[39m
[32m[Nest] 95180  - [39m06/24/2025, 3:06:05 PM [32m    LOG[39m [38;5;3m[InstanceLoader] [39m[32mAppModule dependencies initialized[39m[38;5;3m +1ms[39m
[32m[Nest] 95180  - [39m06/24/2025, 3:06:05 PM [32m    LOG[39m [38;5;3m[InstanceLoader] [39m[32mConfigHostModule dependencies initialized[39m[38;5;3m +0ms[39m
[32m[Nest] 95180  - [39m06/24/2025, 3:06:05 PM [32m    LOG[39m [38;5;3m[InstanceLoader] [39m[32mCacheModule dependencies initialized[39m[38;5;3m +0ms[39m
[32m[Nest] 95180  - [39m06/24/2025, 3:06:05 PM [32m    LOG[39m [38;5;3m[InstanceLoader] [39m[32mCacheModule dependencies initialized[39m[38;5;3m +0ms[39m
[32m[Nest] 95180  - [39m06/24/2025, 3:06:05 PM [32m    LOG[39m [38;5;3m[InstanceLoader] [39m[32mConfigModule dependencies initialized[39m[38;5;3m +0ms[39m
[32m[Nest] 95180  - [39m06/24/2025, 3:06:05 PM [32m    LOG[39m [38;5;3m[InstanceLoader] [39m[32mConfigModule dependencies initialized[39m[38;5;3m +0ms[39m
[32m[Nest] 95180  - [39m06/24/2025, 3:06:05 PM [32m    LOG[39m [38;5;3m[InstanceLoader] [39m[32mJwtModule dependencies initialized[39m[38;5;3m +0ms[39m
[90m[4mquery:[24m[39m [94mPRAGMA[0m [37mforeign_keys[0m [37m=[0m [37mOFF[0m
[90m[4mquery:[24m[39m [94mBEGIN[0m [37mTRANSACTION[0m
[90m[4mquery:[24m[39m [94mSELECT[0m [37m*[0m [94mFROM[0m [37m"sqlite_master"[0m [94mWHERE[0m [37m"type"[0m [37m=[0m [37m'table'[0m [94mAND[0m [37m"name"[0m [94mIN[0m [37m([0m[37m'climbing_gyms'[0m[37m,[0m[37m'reviews'[0m[37m,[0m[37m'activities'[0m[37m,[0m[37m'users'[0m[37m,[0m[37m'review_chains'[0m[37m)[0m
[90m[4mquery:[24m[39m [94mSELECT[0m [37m*[0m [94mFROM[0m [37m"sqlite_master"[0m [94mWHERE[0m [37m"type"[0m [37m=[0m [37m'index'[0m [94mAND[0m [37m"tbl_name"[0m [94mIN[0m [37m([0m[37m'climbing_gyms'[0m[37m,[0m[37m'reviews'[0m[37m,[0m[37m'activities'[0m[37m,[0m[37m'users'[0m[37m,[0m[37m'review_chains'[0m[37m)[0m
[90m[4mquery:[24m[39m [94mPRAGMA[0m [95mtable_xinfo[0m[37m([0m[37m"climbing_gyms"[0m[37m)[0m
[90m[4mquery:[24m[39m [94mPRAGMA[0m [94mindex_list[0m[37m([0m[37m"climbing_gyms"[0m[37m)[0m
[90m[4mquery:[24m[39m [94mPRAGMA[0m [95mforeign_key_list[0m[37m([0m[37m"climbing_gyms"[0m[37m)[0m
[90m[4mquery:[24m[39m [94mPRAGMA[0m [95mtable_xinfo[0m[37m([0m[37m"users"[0m[37m)[0m
[90m[4mquery:[24m[39m [94mPRAGMA[0m [94mindex_list[0m[37m([0m[37m"users"[0m[37m)[0m
[90m[4mquery:[24m[39m [94mPRAGMA[0m [95mforeign_key_list[0m[37m([0m[37m"users"[0m[37m)[0m
[90m[4mquery:[24m[39m [94mPRAGMA[0m [95mtable_xinfo[0m[37m([0m[37m"review_chains"[0m[37m)[0m
[90m[4mquery:[24m[39m [94mPRAGMA[0m [94mindex_list[0m[37m([0m[37m"review_chains"[0m[37m)[0m
[90m[4mquery:[24m[39m [94mPRAGMA[0m [95mforeign_key_list[0m[37m([0m[37m"review_chains"[0m[37m)[0m
[90m[4mquery:[24m[39m [94mPRAGMA[0m [95mtable_xinfo[0m[37m([0m[37m"reviews"[0m[37m)[0m
[90m[4mquery:[24m[39m [94mPRAGMA[0m [94mindex_list[0m[37m([0m[37m"reviews"[0m[37m)[0m
[90m[4mquery:[24m[39m [94mPRAGMA[0m [95mforeign_key_list[0m[37m([0m[37m"reviews"[0m[37m)[0m
[90m[4mquery:[24m[39m [94mPRAGMA[0m [95mtable_xinfo[0m[37m([0m[37m"activities"[0m[37m)[0m
[90m[4mquery:[24m[39m [94mPRAGMA[0m [94mindex_list[0m[37m([0m[37m"activities"[0m[37m)[0m
[90m[4mquery:[24m[39m [94mPRAGMA[0m [95mforeign_key_list[0m[37m([0m[37m"activities"[0m[37m)[0m
[90m[4mquery:[24m[39m [94mPRAGMA[0m [95mindex_info[0m[37m([0m[37m"sqlite_autoindex_users_3"[0m[37m)[0m
[90m[4mquery:[24m[39m [94mPRAGMA[0m [95mindex_info[0m[37m([0m[37m"sqlite_autoindex_users_2"[0m[37m)[0m
[90m[4mquery:[24m[39m [94mPRAGMA[0m [95mindex_info[0m[37m([0m[37m"IDX_e86d672e4d4e2c42acac5c2d2a"[0m[37m)[0m
[90m[4mquery:[24m[39m [94mPRAGMA[0m [95mindex_info[0m[37m([0m[37m"IDX_2bcf25ab94fe9ce73852c45035"[0m[37m)[0m
[90m[4mquery:[24m[39m [94mPRAGMA[0m [95mindex_info[0m[37m([0m[37m"IDX_1f339f4a916dc74cfe1905331c"[0m[37m)[0m
[90m[4mquery:[24m[39m [94mPRAGMA[0m [95mindex_info[0m[37m([0m[37m"IDX_a3b78eef783cef60b3dadf1639"[0m[37m)[0m
[90m[4mquery:[24m[39m [94mPRAGMA[0m [95mindex_info[0m[37m([0m[37m"IDX_59e2538033374fd74f777aeeb2"[0m[37m)[0m
[90m[4mquery:[24m[39m [94mPRAGMA[0m [95mindex_info[0m[37m([0m[37m"IDX_f9238c3e3739dc40322f577fc4"[0m[37m)[0m
[90m[4mquery:[24m[39m [94mPRAGMA[0m [95mindex_info[0m[37m([0m[37m"IDX_c8f626e1e943aabb0f90fb8ee6"[0m[37m)[0m
[90m[4mquery:[24m[39m [94mPRAGMA[0m [95mindex_info[0m[37m([0m[37m"IDX_5eeb41a59a6e41fc1c94982858"[0m[37m)[0m
[90m[4mquery:[24m[39m [94mPRAGMA[0m [95mindex_info[0m[37m([0m[37m"IDX_d90d16ff9761b543a94e7569f4"[0m[37m)[0m
[90m[4mquery:[24m[39m [94mPRAGMA[0m [95mindex_info[0m[37m([0m[37m"IDX_b6f460b67902ed05cf38da03ee"[0m[37m)[0m
[90m[4mquery:[24m[39m [94mPRAGMA[0m [95mindex_info[0m[37m([0m[37m"IDX_ddaa19d1b924fe9ab9e1cf9f6e"[0m[37m)[0m
[90m[4mquery:[24m[39m [94mPRAGMA[0m [95mindex_info[0m[37m([0m[37m"IDX_0d5b31d7944ebe5cc7b66452b5"[0m[37m)[0m
[90m[4mquery:[24m[39m [94mPRAGMA[0m [95mindex_info[0m[37m([0m[37m"IDX_a000cca60bcf04454e72769949"[0m[37m)[0m
[90m[4mquery:[24m[39m [94mPRAGMA[0m [95mindex_info[0m[37m([0m[37m"IDX_65cbf5fcb331619593ee334c7c"[0m[37m)[0m
[90m[4mquery:[24m[39m [94mSELECT[0m [37m*[0m [94mFROM[0m [37m"sqlite_master"[0m [94mWHERE[0m [37m"type"[0m [37m=[0m [37m'table'[0m [94mAND[0m [37m"name"[0m [37m=[0m [37m'typeorm_metadata'[0m
[90m[4mquery:[24m[39m [94mCOMMIT[0m
[90m[4mquery:[24m[39m [94mPRAGMA[0m [37mforeign_keys[0m [37m=[0m [94mON[0m
[32m[Nest] 95180  - [39m06/24/2025, 3:06:05 PM [32m    LOG[39m [38;5;3m[InstanceLoader] [39m[32mTypeOrmCoreModule dependencies initialized[39m[38;5;3m +26ms[39m
[32m[Nest] 95180  - [39m06/24/2025, 3:06:05 PM [32m    LOG[39m [38;5;3m[InstanceLoader] [39m[32mTypeOrmModule dependencies initialized[39m[38;5;3m +0ms[39m
[32m[Nest] 95180  - [39m06/24/2025, 3:06:05 PM [32m    LOG[39m [38;5;3m[InstanceLoader] [39m[32mTypeOrmModule dependencies initialized[39m[38;5;3m +0ms[39m
[32m[Nest] 95180  - [39m06/24/2025, 3:06:05 PM [32m    LOG[39m [38;5;3m[InstanceLoader] [39m[32mTypeOrmModule dependencies initialized[39m[38;5;3m +0ms[39m
[32m[Nest] 95180  - [39m06/24/2025, 3:06:05 PM [32m    LOG[39m [38;5;3m[InstanceLoader] [39m[32mUserModule dependencies initialized[39m[38;5;3m +1ms[39m
[32m[Nest] 95180  - [39m06/24/2025, 3:06:05 PM [32m    LOG[39m [38;5;3m[InstanceLoader] [39m[32mClimbingGymModule dependencies initialized[39m[38;5;3m +0ms[39m
[32m[Nest] 95180  - [39m06/24/2025, 3:06:05 PM [32m    LOG[39m [38;5;3m[InstanceLoader] [39m[32mAuthModule dependencies initialized[39m[38;5;3m +0ms[39m
[32m[Nest] 95180  - [39m06/24/2025, 3:06:05 PM [32m    LOG[39m [38;5;3m[InstanceLoader] [39m[32mActivityModule dependencies initialized[39m[38;5;3m +0ms[39m
[32m[Nest] 95180  - [39m06/24/2025, 3:06:05 PM [32m    LOG[39m [38;5;3m[RoutesResolver] [39m[32mDemoController {/api/demo}:[39m[38;5;3m +13ms[39m
[32m[Nest] 95180  - [39m06/24/2025, 3:06:05 PM [32m    LOG[39m [38;5;3m[RouterExplorer] [39m[32mMapped {/api/demo, GET} route[39m[38;5;3m +1ms[39m
[32m[Nest] 95180  - [39m06/24/2025, 3:06:05 PM [32m    LOG[39m [38;5;3m[RouterExplorer] [39m[32mMapped {/api/demo/health, GET} route[39m[38;5;3m +0ms[39m
[32m[Nest] 95180  - [39m06/24/2025, 3:06:05 PM [32m    LOG[39m [38;5;3m[RouterExplorer] [39m[32mMapped {/api/demo/api-status, GET} route[39m[38;5;3m +0ms[39m
[32m[Nest] 95180  - [39m06/24/2025, 3:06:05 PM [32m    LOG[39m [38;5;3m[RoutesResolver] [39m[32mAuthController {/api/auth}:[39m[38;5;3m +0ms[39m
[32m[Nest] 95180  - [39m06/24/2025, 3:06:05 PM [32m    LOG[39m [38;5;3m[RouterExplorer] [39m[32mMapped {/api/auth/register, POST} route[39m[38;5;3m +0ms[39m
[32m[Nest] 95180  - [39m06/24/2025, 3:06:05 PM [32m    LOG[39m [38;5;3m[RouterExplorer] [39m[32mMapped {/api/auth/login, POST} route[39m[38;5;3m +0ms[39m
[32m[Nest] 95180  - [39m06/24/2025, 3:06:05 PM [32m    LOG[39m [38;5;3m[RouterExplorer] [39m[32mMapped {/api/auth/profile, GET} route[39m[38;5;3m +0ms[39m
[32m[Nest] 95180  - [39m06/24/2025, 3:06:05 PM [32m    LOG[39m [38;5;3m[RouterExplorer] [39m[32mMapped {/api/auth/refresh, POST} route[39m[38;5;3m +0ms[39m
[32m[Nest] 95180  - [39m06/24/2025, 3:06:05 PM [32m    LOG[39m [38;5;3m[RouterExplorer] [39m[32mMapped {/api/auth/logout, POST} route[39m[38;5;3m +0ms[39m
[32m[Nest] 95180  - [39m06/24/2025, 3:06:05 PM [32m    LOG[39m [38;5;3m[RoutesResolver] [39m[32mUserController {/api/api/users}:[39m[38;5;3m +0ms[39m
[32m[Nest] 95180  - [39m06/24/2025, 3:06:05 PM [32m    LOG[39m [38;5;3m[RouterExplorer] [39m[32mMapped {/api/api/users/profile, GET} route[39m[38;5;3m +1ms[39m
[32m[Nest] 95180  - [39m06/24/2025, 3:06:05 PM [32m    LOG[39m [38;5;3m[RouterExplorer] [39m[32mMapped {/api/api/users/profile, PATCH} route[39m[38;5;3m +0ms[39m
[32m[Nest] 95180  - [39m06/24/2025, 3:06:05 PM [32m    LOG[39m [38;5;3m[RouterExplorer] [39m[32mMapped {/api/api/users/stats, GET} route[39m[38;5;3m +0ms[39m
[32m[Nest] 95180  - [39m06/24/2025, 3:06:05 PM [32m    LOG[39m [38;5;3m[RouterExplorer] [39m[32mMapped {/api/api/users/search, GET} route[39m[38;5;3m +0ms[39m
[32m[Nest] 95180  - [39m06/24/2025, 3:06:05 PM [32m    LOG[39m [38;5;3m[RouterExplorer] [39m[32mMapped {/api/api/users, GET} route[39m[38;5;3m +0ms[39m
[32m[Nest] 95180  - [39m06/24/2025, 3:06:05 PM [32m    LOG[39m [38;5;3m[RouterExplorer] [39m[32mMapped {/api/api/users/:id, GET} route[39m[38;5;3m +0ms[39m
[32m[Nest] 95180  - [39m06/24/2025, 3:06:05 PM [32m    LOG[39m [38;5;3m[RouterExplorer] [39m[32mMapped {/api/api/users/:id/stats, GET} route[39m[38;5;3m +0ms[39m
[32m[Nest] 95180  - [39m06/24/2025, 3:06:05 PM [32m    LOG[39m [38;5;3m[RouterExplorer] [39m[32mMapped {/api/api/users/:id/deactivate, PATCH} route[39m[38;5;3m +0ms[39m
[32m[Nest] 95180  - [39m06/24/2025, 3:06:05 PM [32m    LOG[39m [38;5;3m[RouterExplorer] [39m[32mMapped {/api/api/users/:id/activate, PATCH} route[39m[38;5;3m +0ms[39m
[32m[Nest] 95180  - [39m06/24/2025, 3:06:05 PM [32m    LOG[39m [38;5;3m[RouterExplorer] [39m[32mMapped {/api/api/users/:id/role, PATCH} route[39m[38;5;3m +0ms[39m
[32m[Nest] 95180  - [39m06/24/2025, 3:06:05 PM [32m    LOG[39m [38;5;3m[RoutesResolver] [39m[32mClimbingGymController {/api/climbing-gyms}:[39m[38;5;3m +0ms[39m
[32m[Nest] 95180  - [39m06/24/2025, 3:06:05 PM [32m    LOG[39m [38;5;3m[RouterExplorer] [39m[32mMapped {/api/climbing-gyms, POST} route[39m[38;5;3m +0ms[39m
[32m[Nest] 95180  - [39m06/24/2025, 3:06:05 PM [32m    LOG[39m [38;5;3m[RouterExplorer] [39m[32mMapped {/api/climbing-gyms, GET} route[39m[38;5;3m +0ms[39m
[32m[Nest] 95180  - [39m06/24/2025, 3:06:05 PM [32m    LOG[39m [38;5;3m[RouterExplorer] [39m[32mMapped {/api/climbing-gyms/cities, GET} route[39m[38;5;3m +0ms[39m
[32m[Nest] 95180  - [39m06/24/2025, 3:06:05 PM [32m    LOG[39m [38;5;3m[RouterExplorer] [39m[32mMapped {/api/climbing-gyms/search, GET} route[39m[38;5;3m +0ms[39m
[32m[Nest] 95180  - [39m06/24/2025, 3:06:05 PM [32m    LOG[39m [38;5;3m[RouterExplorer] [39m[32mMapped {/api/climbing-gyms/nearby, GET} route[39m[38;5;3m +0ms[39m
[32m[Nest] 95180  - [39m06/24/2025, 3:06:05 PM [32m    LOG[39m [38;5;3m[RouterExplorer] [39m[32mMapped {/api/climbing-gyms/:id, GET} route[39m[38;5;3m +0ms[39m
[32m[Nest] 95180  - [39m06/24/2025, 3:06:05 PM [32m    LOG[39m [38;5;3m[RouterExplorer] [39m[32mMapped {/api/climbing-gyms/:id, PATCH} route[39m[38;5;3m +0ms[39m
[32m[Nest] 95180  - [39m06/24/2025, 3:06:05 PM [32m    LOG[39m [38;5;3m[RouterExplorer] [39m[32mMapped {/api/climbing-gyms/:id, DELETE} route[39m[38;5;3m +0ms[39m
[32m[Nest] 95180  - [39m06/24/2025, 3:06:05 PM [32m    LOG[39m [38;5;3m[RoutesResolver] [39m[32mActivityController {/api/api/activities}:[39m[38;5;3m +0ms[39m
[32m[Nest] 95180  - [39m06/24/2025, 3:06:05 PM [32m    LOG[39m [38;5;3m[RouterExplorer] [39m[32mMapped {/api/api/activities, POST} route[39m[38;5;3m +0ms[39m
[32m[Nest] 95180  - [39m06/24/2025, 3:06:05 PM [32m    LOG[39m [38;5;3m[RouterExplorer] [39m[32mMapped {/api/api/activities, GET} route[39m[38;5;3m +0ms[39m
[32m[Nest] 95180  - [39m06/24/2025, 3:06:05 PM [32m    LOG[39m [38;5;3m[RouterExplorer] [39m[32mMapped {/api/api/activities/my, GET} route[39m[38;5;3m +0ms[39m
[32m[Nest] 95180  - [39m06/24/2025, 3:06:05 PM [32m    LOG[39m [38;5;3m[RouterExplorer] [39m[32mMapped {/api/api/activities/:id, GET} route[39m[38;5;3m +0ms[39m
[32m[Nest] 95180  - [39m06/24/2025, 3:06:05 PM [32m    LOG[39m [38;5;3m[RouterExplorer] [39m[32mMapped {/api/api/activities/:id, PATCH} route[39m[38;5;3m +0ms[39m
[32m[Nest] 95180  - [39m06/24/2025, 3:06:05 PM [32m    LOG[39m [38;5;3m[RouterExplorer] [39m[32mMapped {/api/api/activities/:id, DELETE} route[39m[38;5;3m +1ms[39m
[32m[Nest] 95180  - [39m06/24/2025, 3:06:05 PM [32m    LOG[39m [38;5;3m[RouterExplorer] [39m[32mMapped {/api/api/activities/:id/join, POST} route[39m[38;5;3m +0ms[39m
[32m[Nest] 95180  - [39m06/24/2025, 3:06:05 PM [32m    LOG[39m [38;5;3m[RouterExplorer] [39m[32mMapped {/api/api/activities/:id/leave, POST} route[39m[38;5;3m +0ms[39m
[32m[Nest] 95180  - [39m06/24/2025, 3:06:05 PM [32m    LOG[39m [38;5;3m[RouterExplorer] [39m[32mMapped {/api/api/activities/:id/complete, POST} route[39m[38;5;3m +0ms[39m
[32m[Nest] 95180  - [39m06/24/2025, 3:06:05 PM [32m    LOG[39m [38;5;3m[NestApplication] [39m[32mNest application successfully started[39m[38;5;3m +0ms[39m
🚀 ClimberDaz API server started on port 3001
📖 API Documentation: http://localhost:3001/api/docs
[90m[4mquery:[24m[39m [94mSELECT[0m [37m"gym"[0m[37m.[0m[37m"id"[0m [94mAS[0m [37m"gym_id"[0m[37m,[0m [37m"gym"[0m[37m.[0m[37m"name"[0m [94mAS[0m [37m"gym_name"[0m[37m,[0m [37m"gym"[0m[37m.[0m[37m"address"[0m [94mAS[0m [37m"gym_address"[0m[37m,[0m [37m"gym"[0m[37m.[0m[37m"city"[0m [94mAS[0m [37m"gym_city"[0m[37m,[0m [37m"gym"[0m[37m.[0m[37m"lat"[0m [94mAS[0m [37m"gym_lat"[0m[37m,[0m [37m"gym"[0m[37m.[0m[37m"lng"[0m [94mAS[0m [37m"gym_lng"[0m[37m,[0m [37m"gym"[0m[37m.[0m[37m"phone"[0m [94mAS[0m [37m"gym_phone"[0m[37m,[0m [37m"gym"[0m[37m.[0m[37m"businessHours"[0m [94mAS[0m [37m"gym_businessHours"[0m[37m,[0m [37m"gym"[0m[37m.[0m[37m"facilities"[0m [94mAS[0m [37m"gym_facilities"[0m[37m,[0m [37m"gym"[0m[37m.[0m[37m"description"[0m [94mAS[0m [37m"gym_description"[0m[37m,[0m [37m"gym"[0m[37m.[0m[37m"website"[0m [94mAS[0m [37m"gym_website"[0m[37m,[0m [37m"gym"[0m[37m.[0m[37m"isActive"[0m [94mAS[0m [37m"gym_isActive"[0m[37m,[0m [37m"gym"[0m[37m.[0m[37m"createdAt"[0m [94mAS[0m [37m"gym_createdAt"[0m[37m,[0m [37m"gym"[0m[37m.[0m[37m"updatedAt"[0m [94mAS[0m [37m"gym_updatedAt"[0m [94mFROM[0m [37m"climbing_gyms"[0m [37m"gym"[0m [94mWHERE[0m [37m"gym"[0m[37m.[0m[37m"isActive"[0m [37m=[0m [37m?[0m [94mORDER BY[0m [37m"gym"[0m[37m.[0m[37m"name"[0m [94mASC[0m [94mLIMIT[0m [32m50[0m [37mOFFSET[0m [32m0[0m [90m-- PARAMETERS: [1][0m
[90m[4mquery:[24m[39m [94mSELECT[0m [95mCOUNT[0m[37m([0m[32m1[0m[37m)[0m [94mAS[0m [37m"cnt"[0m [94mFROM[0m [37m"climbing_gyms"[0m [37m"gym"[0m [94mWHERE[0m [37m"gym"[0m[37m.[0m[37m"isActive"[0m [37m=[0m [37m?[0m [90m-- PARAMETERS: [1][0m
[90m[4mquery:[24m[39m [94mSELECT[0m [37m"User"[0m[37m.[0m[37m"id"[0m [94mAS[0m [37m"User_id"[0m[37m,[0m [37m"User"[0m[37m.[0m[37m"phone"[0m [94mAS[0m [37m"User_phone"[0m[37m,[0m [37m"User"[0m[37m.[0m[37m"password"[0m [94mAS[0m [37m"User_password"[0m[37m,[0m [37m"User"[0m[37m.[0m[37m"nickname"[0m [94mAS[0m [37m"User_nickname"[0m[37m,[0m [37m"User"[0m[37m.[0m[37m"avatar"[0m [94mAS[0m [37m"User_avatar"[0m[37m,[0m [37m"User"[0m[37m.[0m[37m"gender"[0m [94mAS[0m [37m"User_gender"[0m[37m,[0m [37m"User"[0m[37m.[0m[37m"birthYear"[0m [94mAS[0m [37m"User_birthYear"[0m[37m,[0m [37m"User"[0m[37m.[0m[37m"climbingLevel"[0m [94mAS[0m [37m"User_climbingLevel"[0m[37m,[0m [37m"User"[0m[37m.[0m[37m"city"[0m [94mAS[0m [37m"User_city"[0m[37m,[0m [37m"User"[0m[37m.[0m[37m"bio"[0m [94mAS[0m [37m"User_bio"[0m[37m,[0m [37m"User"[0m[37m.[0m[37m"email"[0m [94mAS[0m [37m"User_email"[0m[37m,[0m [37m"User"[0m[37m.[0m[37m"role"[0m [94mAS[0m [37m"User_role"[0m[37m,[0m [37m"User"[0m[37m.[0m[37m"isActive"[0m [94mAS[0m [37m"User_isActive"[0m[37m,[0m [37m"User"[0m[37m.[0m[37m"lastLoginAt"[0m [94mAS[0m [37m"User_lastLoginAt"[0m[37m,[0m [37m"User"[0m[37m.[0m[37m"createdAt"[0m [94mAS[0m [37m"User_createdAt"[0m[37m,[0m [37m"User"[0m[37m.[0m[37m"updatedAt"[0m [94mAS[0m [37m"User_updatedAt"[0m [94mFROM[0m [37m"users"[0m [37m"User"[0m [94mWHERE[0m [37m([0m[37m([0m[37m"User"[0m[37m.[0m[37m"id"[0m [37m=[0m [37m?[0m[37m)[0m [94mAND[0m [37m([0m[37m"User"[0m[37m.[0m[37m"isActive"[0m [37m=[0m [37m?[0m[37m)[0m[37m)[0m [94mLIMIT[0m [32m1[0m [90m-- PARAMETERS: ["4dd7e0b6-9add-4d26-91dd-5495da79b3c8",1][0m
[2J[3J[H[[90m3:07:00 PM[0m] File change detected. Starting incremental compilation...

[96msrc/modules/activity/activity.service.ts[0m:[93m29[0m:[93m9[0m - [91merror[0m[90m TS2365: [0mOperator '<=' cannot be applied to types 'string' and 'Date'.

[7m29[0m     if (createActivityDto.startDatetime <= new Date()) {
[7m  [0m [91m        ~~~~~~~~~~~~~~~~~~~~~~~~~~~~~~~~~~~~~~~~~~~~~[0m

[[90m3:07:00 PM[0m] Found 1 error. Watching for file changes.

